#
# A fatal error has been detected by the Java Runtime Environment:
#
#  EXCEPTION_ACCESS_VIOLATION (0xc0000005) at pc=0x000000006569c0ea, pid=22360, tid=0x0000000000005d2c
#
# JRE version: Java(TM) SE Runtime Environment (8.0_241-b07) (build 1.8.0_241-b07)
# Java VM: Java HotSpot(TM) 64-Bit Server VM (25.241-b07 mixed mode windows-amd64 compressed oops)
# Problematic frame:
# V  [jvm.dll+0x13c0ea]
#
# Failed to write core dump. Minidumps are not enabled by default on client versions of Windows
#
# If you would like to submit a bug report, please visit:
#   http://bugreport.java.com/bugreport/crash.jsp
#

---------------  T H R E A D  ---------------

Current thread (0x0000000019954800):  JavaThread "JDWP Transport Listener: dt_socket" daemon [_thread_in_vm, id=23852, stack(0x000000001a550000,0x000000001a650000)]

siginfo: ExceptionCode=0xc0000005, reading address 0xffffffffffffffff

Registers:
RAX=0x000000001770a418, RBX=0x000000001a64f320, RCX=0x0110010f0a0c1001, RDX=0x00000000000000ca
RSP=0x000000001a64ef70, RBP=0x000000001770a4ae, RSI=0x0000000000000004, RDI=0x0000000000000040
R8 =0x0000000000000000, R9 =0x0000000000000000, R10=0x0000000000000000, R11=0x0000000000000000
R12=0x000000001770a4e8, R13=0x00000000199551b0, R14=0x0000000019955588, R15=0x00000000000003d8
RIP=0x000000006569c0ea, EFLAGS=0x0000000000010202

Top of Stack: (sp=0x000000001a64ef70)
0x000000001a64ef70:   0000000002c756d0 0000000000000000
0x000000001a64ef80:   00000000028bc938 00000000028bc8e0
0x000000001a64ef90:   0000000000000040 000000006571f458
0x000000001a64efa0:   000000001a64f320 00000000657a7a90
0x000000001a64efb0:   000000001a64f560 0000000000000000
0x000000001a64efc0:   0000000000000000 0000000000000000
0x000000001a64efd0:   00000000028bc8e0 0000000002c87bc5
0x000000001a64efe0:   0000000002c756d0 0000000000000000
0x000000001a64eff0:   00000000028bc938 00000000028bc8e0
0x000000001a64f000:   0000000000000000 000000006571f620
0x000000001a64f010:   000000001994acb0 0000000019954800
0x000000001a64f020:   000000001bbe8110 000000001a64f320
0x000000001a64f030:   000000001a64f320 00000000657ac390
0x000000001a64f040:   0000000000000000 00000000199549f8
0x000000001a64f050:   0000000000002290 00000000657106f3
0x000000001a64f060:   0000a840b44d59ca 00007ffc9d6a786b 

Instructions: (pc=0x000000006569c0ea)
0x000000006569c0ca:   ff ca 88 41 ff 75 ef 43 c6 04 10 00 49 8b c2 c3
0x000000006569c0da:   cc cc cc cc cc cc 48 89 5c 24 08 57 48 83 ec 20
0x000000006569c0ea:   0f b7 39 48 8b d9 33 d2 ff c7 48 63 cf e8 e4 1b
0x000000006569c0fa:   fb ff 4c 8b d8 85 ff 7e 45 44 0f b7 03 8d 57 ff 


Register to memory mapping:

RAX=0x000000001770a418 is pointing into metadata
RBX=0x000000001a64f320 is pointing into the stack for thread: 0x0000000019954800
RCX=0x0110010f0a0c1001 is an unknown value
RDX=0x00000000000000ca is an unknown value
RSP=0x000000001a64ef70 is pointing into the stack for thread: 0x0000000019954800
RBP=0x000000001770a4ae is pointing into metadata
RSI=0x0000000000000004 is an unknown value
RDI=0x0000000000000040 is an unknown value
R8 =0x0000000000000000 is an unknown value
R9 =0x0000000000000000 is an unknown value
R10=0x0000000000000000 is an unknown value
R11=0x0000000000000000 is an unknown value
R12={method} {0x000000001770a4f0} 'createDevicesTest' '()V' in 'com/ajithsolomon/ajiranet/service/impl/ResourceServiceImplTest'
R13=0x00000000199551b0 is an unknown value
R14=0x0000000019955588 is an unknown value
R15=0x00000000000003d8 is an unknown value


Stack: [0x000000001a550000,0x000000001a650000],  sp=0x000000001a64ef70,  free space=1019k
Native frames: (J=compiled Java code, j=interpreted, Vv=VM code, C=native code)
V  [jvm.dll+0x13c0ea]
V  [jvm.dll+0x1bf458]
V  [jvm.dll+0x1bf620]
V  [jvm.dll+0x24c390]
V  [jvm.dll+0x1a806c]
V  [jvm.dll+0x347765]
C  [jdwp.dll+0x7b0b]
C  [jdwp.dll+0xf15d]
C  [jdwp.dll+0x1f5c9]
C  [jdwp.dll+0x1f79e]
V  [jvm.dll+0x1be59a]
V  [jvm.dll+0x2467ef]
V  [jvm.dll+0x29fd2a]
C  [msvcr100.dll+0x21d9f]
C  [msvcr100.dll+0x21e3b]
C  [KERNEL32.DLL+0x17034]
C  [ntdll.dll+0x4cec1]


---------------  P R O C E S S  ---------------

Java Threads: ( => current thread )
  0x00000000212ee000 JavaThread "HikariPool-1 housekeeper" daemon [_thread_blocked, id=1628, stack(0x0000000020140000,0x0000000020240000)]
  0x000000001b917000 JavaThread "ReaderThread" [_thread_in_native, id=19616, stack(0x000000001c620000,0x000000001c720000)]
  0x000000001a9a1800 JavaThread "Service Thread" daemon [_thread_blocked, id=13292, stack(0x000000001b450000,0x000000001b550000)]
  0x000000001a997000 JavaThread "C1 CompilerThread3" daemon [_thread_blocked, id=4124, stack(0x000000001b350000,0x000000001b450000)]
  0x000000001a9aa000 JavaThread "C2 CompilerThread2" daemon [_thread_blocked, id=20620, stack(0x000000001b250000,0x000000001b350000)]
  0x000000001a9a9800 JavaThread "C2 CompilerThread1" daemon [_thread_blocked, id=24440, stack(0x000000001b150000,0x000000001b250000)]
  0x000000001a9a8800 JavaThread "C2 CompilerThread0" daemon [_thread_blocked, id=956, stack(0x000000001b050000,0x000000001b150000)]
  0x0000000019961000 JavaThread "JDWP Command Reader" daemon [_thread_in_native, id=19460, stack(0x000000001a750000,0x000000001a850000)]
  0x0000000019960000 JavaThread "JDWP Event Helper Thread" daemon [_thread_blocked, id=10288, stack(0x000000001a650000,0x000000001a750000)]
=>0x0000000019954800 JavaThread "JDWP Transport Listener: dt_socket" daemon [_thread_in_vm, id=23852, stack(0x000000001a550000,0x000000001a650000)]
  0x000000001994c000 JavaThread "Attach Listener" daemon [_thread_blocked, id=21072, stack(0x000000001a110000,0x000000001a210000)]
  0x000000001994a000 JavaThread "Signal Dispatcher" daemon [_thread_blocked, id=20512, stack(0x000000001a010000,0x000000001a110000)]
  0x0000000019931000 JavaThread "Finalizer" daemon [_thread_blocked, id=10376, stack(0x0000000019e10000,0x0000000019f10000)]
  0x0000000019930800 JavaThread "Reference Handler" daemon [_thread_blocked, id=20392, stack(0x0000000019d10000,0x0000000019e10000)]
  0x0000000002997000 JavaThread "main" [_thread_blocked, id=2696, stack(0x00000000027c0000,0x00000000028c0000)]

Other Threads:
  0x0000000002a8e800 VMThread [stack: 0x0000000019810000,0x0000000019910000] [id=16960]
  0x000000001aaf6800 WatcherThread [stack: 0x000000001b550000,0x000000001b650000] [id=9708]

VM state:not at safepoint (normal execution)

VM Mutex/Monitor currently owned by a thread: None

heap address: 0x0000000082e00000, size: 2002 MB, Compressed Oops mode: 32-bit
Narrow klass base: 0x0000000000000000, Narrow klass shift: 3
Compressed class space size: 1073741824 Address: 0x0000000100000000

Heap:
 PSYoungGen      total 372224K, used 9140K [0x00000000d6500000, 0x00000000f5480000, 0x0000000100000000)
  eden space 359424K, 2% used [0x00000000d6500000,0x00000000d6ded078,0x00000000ec400000)
  from space 12800K, 0% used [0x00000000ec400000,0x00000000ec400000,0x00000000ed080000)
  to   space 16384K, 0% used [0x00000000f4480000,0x00000000f4480000,0x00000000f5480000)
 ParOldGen       total 83968K, used 25529K [0x0000000082e00000, 0x0000000088000000, 0x00000000d6500000)
  object space 83968K, 30% used [0x0000000082e00000,0x00000000846ee5a8,0x0000000088000000)
 Metaspace       used 55604K, capacity 58996K, committed 59284K, reserved 1099776K
  class space    used 7597K, capacity 8126K, committed 8192K, reserved 1048576K

Card table byte_map: [0x0000000012030000,0x0000000012420000] byte_map_base: 0x0000000011c19000

Marking Bits: (ParMarkBitMap*) 0x0000000065d8be30
 Begin Bits: [0x0000000012ec0000, 0x0000000014e08000)
 End Bits:   [0x0000000014e08000, 0x0000000016d50000)

Polling page: 0x0000000000e40000

CodeCache: size=245760Kb used=15909Kb max_used=16003Kb free=229850Kb
 bounds [0x0000000002c70000, 0x0000000003c30000, 0x0000000011c70000]
 total_blobs=4720 nmethods=4182 adapters=457
 compilation: enabled

Compilation events (10 events):
Event: 63.618 Thread 0x000000001a9a8800 4782       4       java.lang.ref.ReferenceQueue::remove (6 bytes)
Event: 63.619 Thread 0x000000001a9aa000 nmethod 4783 0x0000000002da5590 code [0x0000000002da5720, 0x0000000002da5f50]
Event: 63.619 Thread 0x000000001a9aa000 4785   !   4       java.lang.ref.Finalizer::runFinalizer (62 bytes)
Event: 63.621 Thread 0x000000001a9a9800 nmethod 4781 0x0000000002f39fd0 code [0x0000000002f3a160, 0x0000000002f3b1f8]
Event: 63.621 Thread 0x000000001a9a9800 4786   !   4       java.lang.ref.Finalizer::remove (94 bytes)
Event: 63.622 Thread 0x000000001a9a8800 nmethod 4782 0x0000000003b98850 code [0x0000000003b989e0, 0x0000000003b99010]
Event: 63.622 Thread 0x000000001a9a8800 4787   !   4       java.util.zip.ZipFile$ZipFileInflaterInputStream::close (67 bytes)
Event: 63.622 Thread 0x000000001a9aa000 nmethod 4785 0x0000000003b97e10 code [0x0000000003b97f80, 0x0000000003b98578]
Event: 63.623 Thread 0x000000001a9a9800 nmethod 4786 0x0000000003151210 code [0x0000000003151360, 0x0000000003151638]
Event: 63.633 Thread 0x000000001a9a8800 nmethod 4787 0x0000000003b92790 code [0x0000000003b92980, 0x0000000003b93f00]

GC Heap History (10 events):
Event: 3.883 GC heap before
{Heap before GC invocations=10 (full 1):
 PSYoungGen      total 251392K, used 56761K [0x00000000d6500000, 0x00000000e6680000, 0x0000000100000000)
  eden space 242688K, 19% used [0x00000000d6500000,0x00000000d93f1660,0x00000000e5200000)
  from space 8704K, 99% used [0x00000000e5e00000,0x00000000e667d0a0,0x00000000e6680000)
  to   space 10240K, 0% used [0x00000000e5280000,0x00000000e5280000,0x00000000e5c80000)
 ParOldGen       total 43008K, used 5582K [0x0000000082e00000, 0x0000000085800000, 0x00000000d6500000)
  object space 43008K, 12% used [0x0000000082e00000,0x00000000833738d8,0x0000000085800000)
 Metaspace       used 33342K, capacity 35280K, committed 35416K, reserved 1081344K
  class space    used 4211K, capacity 4600K, committed 4608K, reserved 1048576K
Event: 3.894 GC heap after
Heap after GC invocations=10 (full 1):
 PSYoungGen      total 253440K, used 8162K [0x00000000d6500000, 0x00000000edd00000, 0x0000000100000000)
  eden space 243200K, 0% used [0x00000000d6500000,0x00000000d6500000,0x00000000e5280000)
  from space 10240K, 79% used [0x00000000e5280000,0x00000000e5a789f8,0x00000000e5c80000)
  to   space 10752K, 0% used [0x00000000ed280000,0x00000000ed280000,0x00000000edd00000)
 ParOldGen       total 43008K, used 5590K [0x0000000082e00000, 0x0000000085800000, 0x00000000d6500000)
  object space 43008K, 12% used [0x0000000082e00000,0x00000000833758d8,0x0000000085800000)
 Metaspace       used 33342K, capacity 35280K, committed 35416K, reserved 1081344K
  class space    used 4211K, capacity 4600K, committed 4608K, reserved 1048576K
}
Event: 3.894 GC heap before
{Heap before GC invocations=11 (full 2):
 PSYoungGen      total 253440K, used 8162K [0x00000000d6500000, 0x00000000edd00000, 0x0000000100000000)
  eden space 243200K, 0% used [0x00000000d6500000,0x00000000d6500000,0x00000000e5280000)
  from space 10240K, 79% used [0x00000000e5280000,0x00000000e5a789f8,0x00000000e5c80000)
  to   space 10752K, 0% used [0x00000000ed280000,0x00000000ed280000,0x00000000edd00000)
 ParOldGen       total 43008K, used 5590K [0x0000000082e00000, 0x0000000085800000, 0x00000000d6500000)
  object space 43008K, 12% used [0x0000000082e00000,0x00000000833758d8,0x0000000085800000)
 Metaspace       used 33342K, capacity 35280K, committed 35416K, reserved 1081344K
  class space    used 4211K, capacity 4600K, committed 4608K, reserved 1048576K
Event: 3.947 GC heap after
Heap after GC invocations=11 (full 2):
 PSYoungGen      total 253440K, used 0K [0x00000000d6500000, 0x00000000edd00000, 0x0000000100000000)
  eden space 243200K, 0% used [0x00000000d6500000,0x00000000d6500000,0x00000000e5280000)
  from space 10240K, 0% used [0x00000000e5280000,0x00000000e5280000,0x00000000e5c80000)
  to   space 10752K, 0% used [0x00000000ed280000,0x00000000ed280000,0x00000000edd00000)
 ParOldGen       total 60416K, used 12301K [0x0000000082e00000, 0x0000000086900000, 0x00000000d6500000)
  object space 60416K, 20% used [0x0000000082e00000,0x0000000083a037f8,0x0000000086900000)
 Metaspace       used 33342K, capacity 35280K, committed 35416K, reserved 1081344K
  class space    used 4211K, capacity 4600K, committed 4608K, reserved 1048576K
}
Event: 5.133 GC heap before
{Heap before GC invocations=12 (full 2):
 PSYoungGen      total 253440K, used 243200K [0x00000000d6500000, 0x00000000edd00000, 0x0000000100000000)
  eden space 243200K, 100% used [0x00000000d6500000,0x00000000e5280000,0x00000000e5280000)
  from space 10240K, 0% used [0x00000000e5280000,0x00000000e5280000,0x00000000e5c80000)
  to   space 10752K, 0% used [0x00000000ed280000,0x00000000ed280000,0x00000000edd00000)
 ParOldGen       total 60416K, used 12301K [0x0000000082e00000, 0x0000000086900000, 0x00000000d6500000)
  object space 60416K, 20% used [0x0000000082e00000,0x0000000083a037f8,0x0000000086900000)
 Metaspace       used 43325K, capacity 45914K, committed 46080K, reserved 1089536K
  class space    used 5712K, capacity 6143K, committed 6144K, reserved 1048576K
Event: 5.145 GC heap after
Heap after GC invocations=12 (full 2):
 PSYoungGen      total 355328K, used 10727K [0x00000000d6500000, 0x00000000edd00000, 0x0000000100000000)
  eden space 344576K, 0% used [0x00000000d6500000,0x00000000d6500000,0x00000000eb580000)
  from space 10752K, 99% used [0x00000000ed280000,0x00000000edcf9ce8,0x00000000edd00000)
  to   space 12800K, 0% used [0x00000000ec400000,0x00000000ec400000,0x00000000ed080000)
 ParOldGen       total 60416K, used 15129K [0x0000000082e00000, 0x0000000086900000, 0x00000000d6500000)
  object space 60416K, 25% used [0x0000000082e00000,0x0000000083cc6540,0x0000000086900000)
 Metaspace       used 43325K, capacity 45914K, committed 46080K, reserved 1089536K
  class space    used 5712K, capacity 6143K, committed 6144K, reserved 1048576K
}
Event: 63.489 GC heap before
{Heap before GC invocations=13 (full 2):
 PSYoungGen      total 355328K, used 308525K [0x00000000d6500000, 0x00000000edd00000, 0x0000000100000000)
  eden space 344576K, 86% used [0x00000000d6500000,0x00000000e87d1a90,0x00000000eb580000)
  from space 10752K, 99% used [0x00000000ed280000,0x00000000edcf9ce8,0x00000000edd00000)
  to   space 12800K, 0% used [0x00000000ec400000,0x00000000ec400000,0x00000000ed080000)
 ParOldGen       total 60416K, used 15129K [0x0000000082e00000, 0x0000000086900000, 0x00000000d6500000)
  object space 60416K, 25% used [0x0000000082e00000,0x0000000083cc6540,0x0000000086900000)
 Metaspace       used 55600K, capacity 58932K, committed 59028K, reserved 1099776K
  class space    used 7595K, capacity 8126K, committed 8192K, reserved 1048576K
Event: 63.507 GC heap after
Heap after GC invocations=13 (full 2):
 PSYoungGen      total 372224K, used 12797K [0x00000000d6500000, 0x00000000f5480000, 0x0000000100000000)
  eden space 359424K, 0% used [0x00000000d6500000,0x00000000d6500000,0x00000000ec400000)
  from space 12800K, 99% used [0x00000000ec400000,0x00000000ed07f680,0x00000000ed080000)
  to   space 16384K, 0% used [0x00000000f4480000,0x00000000f4480000,0x00000000f5480000)
 ParOldGen       total 60416K, used 20379K [0x0000000082e00000, 0x0000000086900000, 0x00000000d6500000)
  object space 60416K, 33% used [0x0000000082e00000,0x00000000841e6e58,0x0000000086900000)
 Metaspace       used 55600K, capacity 58932K, committed 59028K, reserved 1099776K
  class space    used 7595K, capacity 8126K, committed 8192K, reserved 1048576K
}
Event: 63.507 GC heap before
{Heap before GC invocations=14 (full 3):
 PSYoungGen      total 372224K, used 12797K [0x00000000d6500000, 0x00000000f5480000, 0x0000000100000000)
  eden space 359424K, 0% used [0x00000000d6500000,0x00000000d6500000,0x00000000ec400000)
  from space 12800K, 99% used [0x00000000ec400000,0x00000000ed07f680,0x00000000ed080000)
  to   space 16384K, 0% used [0x00000000f4480000,0x00000000f4480000,0x00000000f5480000)
 ParOldGen       total 60416K, used 20379K [0x0000000082e00000, 0x0000000086900000, 0x00000000d6500000)
  object space 60416K, 33% used [0x0000000082e00000,0x00000000841e6e58,0x0000000086900000)
 Metaspace       used 55600K, capacity 58932K, committed 59028K, reserved 1099776K
  class space    used 7595K, capacity 8126K, committed 8192K, reserved 1048576K
Event: 63.612 GC heap after
Heap after GC invocations=14 (full 3):
 PSYoungGen      total 372224K, used 0K [0x00000000d6500000, 0x00000000f5480000, 0x0000000100000000)
  eden space 359424K, 0% used [0x00000000d6500000,0x00000000d6500000,0x00000000ec400000)
  from space 12800K, 0% used [0x00000000ec400000,0x00000000ec400000,0x00000000ed080000)
  to   space 16384K, 0% used [0x00000000f4480000,0x00000000f4480000,0x00000000f5480000)
 ParOldGen       total 83968K, used 25529K [0x0000000082e00000, 0x0000000088000000, 0x00000000d6500000)
  object space 83968K, 30% used [0x0000000082e00000,0x00000000846ee5a8,0x0000000088000000)
 Metaspace       used 55600K, capacity 58932K, committed 59028K, reserved 1099776K
  class space    used 7595K, capacity 8126K, committed 8192K, reserved 1048576K
}

Deoptimization events (10 events):
Event: 6.747 Thread 0x0000000002997000 Uncommon trap: reason=unhandled action=none pc=0x000000000364dad4 method=java.net.URLClassLoader.findClass(Ljava/lang/String;)Ljava/lang/Class; @ 44
Event: 6.748 Thread 0x0000000002997000 Uncommon trap: reason=unhandled action=none pc=0x000000000364dad4 method=java.net.URLClassLoader.findClass(Ljava/lang/String;)Ljava/lang/Class; @ 44
Event: 6.749 Thread 0x0000000002997000 Uncommon trap: reason=unhandled action=none pc=0x000000000364dad4 method=java.net.URLClassLoader.findClass(Ljava/lang/String;)Ljava/lang/Class; @ 44
Event: 6.750 Thread 0x0000000002997000 Uncommon trap: reason=unhandled action=none pc=0x000000000364dad4 method=java.net.URLClassLoader.findClass(Ljava/lang/String;)Ljava/lang/Class; @ 44
Event: 6.751 Thread 0x0000000002997000 Uncommon trap: reason=unhandled action=none pc=0x000000000364dad4 method=java.net.URLClassLoader.findClass(Ljava/lang/String;)Ljava/lang/Class; @ 44
Event: 6.752 Thread 0x0000000002997000 Uncommon trap: reason=unstable_if action=reinterpret pc=0x0000000002d9ba40 method=java.lang.CharacterData.of(I)Ljava/lang/CharacterData; @ 4
Event: 63.485 Thread 0x0000000002997000 Uncommon trap: reason=unhandled action=none pc=0x000000000364dad4 method=java.net.URLClassLoader.findClass(Ljava/lang/String;)Ljava/lang/Class; @ 44
Event: 63.488 Thread 0x0000000002997000 Uncommon trap: reason=unhandled action=none pc=0x000000000364dad4 method=java.net.URLClassLoader.findClass(Ljava/lang/String;)Ljava/lang/Class; @ 44
Event: 63.489 Thread 0x0000000002997000 Uncommon trap: reason=unhandled action=none pc=0x000000000364dad4 method=java.net.URLClassLoader.findClass(Ljava/lang/String;)Ljava/lang/Class; @ 44
Event: 63.613 Thread 0x0000000002997000 Uncommon trap: reason=unhandled action=none pc=0x000000000364dad4 method=java.net.URLClassLoader.findClass(Ljava/lang/String;)Ljava/lang/Class; @ 44

Classes redefined (2 events):
Event: 149.138 Thread 0x0000000002a8e800 redefined class name=com.ajithsolomon.ajiranet.service.impl.ResourceServiceImplTest, count=1
Event: 228.576 Thread 0x0000000002a8e800 redefined class name=com.ajithsolomon.ajiranet.service.impl.ResourceServiceImplTest, count=2

Internal exceptions (10 events):
Event: 6.681 Thread 0x0000000002997000 Exception <a 'java/lang/ArrayIndexOutOfBoundsException': 76> (0x00000000e787b348) thrown at [C:\ade\jenkins\workspace\8-2-build-windows-amd64-cygwin\jdk8u241\331\hotspot\src\share\vm\interpreter\interpreterRuntime.cpp, line 368]
Event: 6.682 Thread 0x0000000002997000 Exception <a 'java/lang/ArrayIndexOutOfBoundsException': 23> (0x00000000e787ec50) thrown at [C:\ade\jenkins\workspace\8-2-build-windows-amd64-cygwin\jdk8u241\331\hotspot\src\share\vm\interpreter\interpreterRuntime.cpp, line 368]
Event: 6.682 Thread 0x0000000002997000 Exception <a 'java/lang/ArrayIndexOutOfBoundsException': 61> (0x00000000e7880a50) thrown at [C:\ade\jenkins\workspace\8-2-build-windows-amd64-cygwin\jdk8u241\331\hotspot\src\share\vm\interpreter\interpreterRuntime.cpp, line 368]
Event: 6.682 Thread 0x0000000002997000 Exception <a 'java/lang/ArrayIndexOutOfBoundsException': 9> (0x00000000e78825b0) thrown at [C:\ade\jenkins\workspace\8-2-build-windows-amd64-cygwin\jdk8u241\331\hotspot\src\share\vm\interpreter\interpreterRuntime.cpp, line 368]
Event: 6.682 Thread 0x0000000002997000 Exception <a 'java/lang/ArrayIndexOutOfBoundsException': 28> (0x00000000e7883fd8) thrown at [C:\ade\jenkins\workspace\8-2-build-windows-amd64-cygwin\jdk8u241\331\hotspot\src\share\vm\interpreter\interpreterRuntime.cpp, line 368]
Event: 6.682 Thread 0x0000000002997000 Exception <a 'java/lang/ArrayIndexOutOfBoundsException': 49> (0x00000000e7886cf0) thrown at [C:\ade\jenkins\workspace\8-2-build-windows-amd64-cygwin\jdk8u241\331\hotspot\src\share\vm\interpreter\interpreterRuntime.cpp, line 368]
Event: 6.682 Thread 0x0000000002997000 Exception <a 'java/lang/ArrayIndexOutOfBoundsException': 15> (0x00000000e7888d40) thrown at [C:\ade\jenkins\workspace\8-2-build-windows-amd64-cygwin\jdk8u241\331\hotspot\src\share\vm\interpreter\interpreterRuntime.cpp, line 368]
Event: 6.682 Thread 0x0000000002997000 Exception <a 'java/lang/ArrayIndexOutOfBoundsException': 55> (0x00000000e788b880) thrown at [C:\ade\jenkins\workspace\8-2-build-windows-amd64-cygwin\jdk8u241\331\hotspot\src\share\vm\interpreter\interpreterRuntime.cpp, line 368]
Event: 6.732 Thread 0x0000000002997000 Exception <a 'java/lang/ClassNotFoundException': java/lang/ObjectCustomizer> (0x00000000e7e61898) thrown at [C:\ade\jenkins\workspace\8-2-build-windows-amd64-cygwin\jdk8u241\331\hotspot\src\share\vm\classfile\systemDictionary.cpp, line 210]
Event: 6.733 Thread 0x0000000002997000 Exception <a 'java/lang/ClassNotFoundException': com/ajithsolomon/ajiranet/service/impl/ResourceServiceImplTestCustomizer> (0x00000000e7e88c50) thrown at [C:\ade\jenkins\workspace\8-2-build-windows-amd64-cygwin\jdk8u241\331\hotspot\src\share\vm\classfile\

Events (10 events):
Event: 228.591 Executing VM operation: ChangeBreakpoints
Event: 228.593 Executing VM operation: ChangeBreakpoints done
Event: 228.597 Executing VM operation: EnterInterpOnlyMode
Event: 228.597 Executing nested VM operation: Deoptimize
Event: 228.598 Executing nested VM operation: Deoptimize done
Event: 228.598 Executing VM operation: EnterInterpOnlyMode done
Event: 228.598 Executing VM operation: GetCurrentLocation
Event: 228.598 Executing VM operation: GetCurrentLocation done
Event: 228.598 Executing VM operation: ChangeSingleStep
Event: 228.598 Executing VM operation: ChangeSingleStep done


Dynamic libraries:
0x00007ff6a4ff0000 - 0x00007ff6a5027000 	C:\Program Files\Java\jdk1.8.0_241\bin\javaw.exe
0x00007ffc9d690000 - 0x00007ffc9d886000 	C:\WINDOWS\SYSTEM32\ntdll.dll
0x00007ffc9c510000 - 0x00007ffc9c5cd000 	C:\WINDOWS\System32\KERNEL32.DLL
0x00007ffc9b3d0000 - 0x00007ffc9b698000 	C:\WINDOWS\System32\KERNELBASE.dll
0x00007ffc9ba30000 - 0x00007ffc9bada000 	C:\WINDOWS\System32\ADVAPI32.dll
0x00007ffc9bde0000 - 0x00007ffc9be7e000 	C:\WINDOWS\System32\msvcrt.dll
0x00007ffc9b8b0000 - 0x00007ffc9b94b000 	C:\WINDOWS\System32\sechost.dll
0x00007ffc9be80000 - 0x00007ffc9bfa4000 	C:\WINDOWS\System32\RPCRT4.dll
0x00007ffc9bc30000 - 0x00007ffc9bdd0000 	C:\WINDOWS\System32\USER32.dll
0x00007ffc9b6a0000 - 0x00007ffc9b6c2000 	C:\WINDOWS\System32\win32u.dll
0x00007ffc9ba00000 - 0x00007ffc9ba2a000 	C:\WINDOWS\System32\GDI32.dll
0x00007ffc9af90000 - 0x00007ffc9b099000 	C:\WINDOWS\System32\gdi32full.dll
0x00007ffc9b0a0000 - 0x00007ffc9b13d000 	C:\WINDOWS\System32\msvcp_win.dll
0x00007ffc9ade0000 - 0x00007ffc9aee0000 	C:\WINDOWS\System32\ucrtbase.dll
0x00007ffc83fa0000 - 0x00007ffc8423b000 	C:\WINDOWS\WinSxS\amd64_microsoft.windows.common-controls_6595b64144ccf1df_6.0.19041.488_none_ca04af081b815d21\COMCTL32.dll
0x00007ffc9cd60000 - 0x00007ffc9cd90000 	C:\WINDOWS\System32\IMM32.DLL
0x0000000065e10000 - 0x0000000065ee2000 	C:\Program Files\Java\jdk1.8.0_241\jre\bin\msvcr100.dll
0x0000000065560000 - 0x0000000065e0c000 	C:\Program Files\Java\jdk1.8.0_241\jre\bin\server\jvm.dll
0x00007ffc9bbc0000 - 0x00007ffc9bbc8000 	C:\WINDOWS\System32\PSAPI.DLL
0x00007ffc843f0000 - 0x00007ffc84417000 	C:\WINDOWS\SYSTEM32\WINMM.dll
0x00007ffc72b30000 - 0x00007ffc72b39000 	C:\WINDOWS\SYSTEM32\WSOCK32.dll
0x00007ffc99cc0000 - 0x00007ffc99cca000 	C:\WINDOWS\SYSTEM32\VERSION.dll
0x00007ffc9c490000 - 0x00007ffc9c4fb000 	C:\WINDOWS\System32\WS2_32.dll
0x00007ffc964b0000 - 0x00007ffc964bf000 	C:\Program Files\Java\jdk1.8.0_241\jre\bin\verify.dll
0x00007ffc7a630000 - 0x00007ffc7a659000 	C:\Program Files\Java\jdk1.8.0_241\jre\bin\java.dll
0x00007ffc6db00000 - 0x00007ffc6db35000 	C:\Program Files\Java\jdk1.8.0_241\jre\bin\jdwp.dll
0x00007ffc94670000 - 0x00007ffc94678000 	C:\Program Files\Java\jdk1.8.0_241\jre\bin\npt.dll
0x00007ffc66010000 - 0x00007ffc66033000 	C:\Program Files\Java\jdk1.8.0_241\jre\bin\instrument.dll
0x00007ffc7a8c0000 - 0x00007ffc7a8d6000 	C:\Program Files\Java\jdk1.8.0_241\jre\bin\zip.dll
0x00007ffc9cf10000 - 0x00007ffc9d650000 	C:\WINDOWS\System32\SHELL32.dll
0x00007ffc994e0000 - 0x00007ffc99c74000 	C:\WINDOWS\SYSTEM32\windows.storage.dll
0x00007ffc9bfb0000 - 0x00007ffc9c305000 	C:\WINDOWS\System32\combase.dll
0x00007ffc9a850000 - 0x00007ffc9a87c000 	C:\WINDOWS\SYSTEM32\Wldp.dll
0x00007ffc9b950000 - 0x00007ffc9b9fe000 	C:\WINDOWS\System32\SHCORE.dll
0x00007ffc9bbd0000 - 0x00007ffc9bc25000 	C:\WINDOWS\System32\shlwapi.dll
0x00007ffc9ad10000 - 0x00007ffc9ad36000 	C:\WINDOWS\SYSTEM32\profapi.dll
0x00007ffc94070000 - 0x00007ffc94079000 	C:\Program Files\Java\jdk1.8.0_241\jre\bin\dt_socket.dll
0x00007ffc74d00000 - 0x00007ffc74d17000 	C:\WINDOWS\system32\napinsp.dll
0x00007ffc74ce0000 - 0x00007ffc74cfb000 	C:\WINDOWS\system32\pnrpnsp.dll
0x00007ffc958e0000 - 0x00007ffc958f5000 	C:\WINDOWS\system32\wshbth.dll
0x00007ffc96370000 - 0x00007ffc9638d000 	C:\WINDOWS\system32\NLAapi.dll
0x00007ffc9a270000 - 0x00007ffc9a2ab000 	C:\WINDOWS\SYSTEM32\IPHLPAPI.DLL
0x00007ffc9a5d0000 - 0x00007ffc9a63a000 	C:\WINDOWS\System32\mswsock.dll
0x00007ffc9a2c0000 - 0x00007ffc9a38b000 	C:\WINDOWS\SYSTEM32\DNSAPI.dll
0x00007ffc9c500000 - 0x00007ffc9c509000 	C:\WINDOWS\System32\NSI.dll
0x00007ffc74cc0000 - 0x00007ffc74cd2000 	C:\WINDOWS\System32\winrnr.dll
0x00007ffc84890000 - 0x00007ffc8490f000 	C:\WINDOWS\System32\fwpuclnt.dll
0x00007ffc9b6d0000 - 0x00007ffc9b6f7000 	C:\WINDOWS\System32\bcrypt.dll
0x00007ffc92850000 - 0x00007ffc9285a000 	C:\Windows\System32\rasadhlp.dll
0x00007ffc7a810000 - 0x00007ffc7a82a000 	C:\Program Files\Java\jdk1.8.0_241\jre\bin\net.dll
0x00007ffc69b50000 - 0x00007ffc69b62000 	C:\Program Files\Java\jdk1.8.0_241\jre\bin\nio.dll
0x00007ffc91730000 - 0x00007ffc9173d000 	C:\Program Files\Java\jdk1.8.0_241\jre\bin\management.dll
0x00007ffc9a7a0000 - 0x00007ffc9a7b8000 	C:\WINDOWS\SYSTEM32\CRYPTSP.dll
0x00007ffc99ef0000 - 0x00007ffc99f24000 	C:\WINDOWS\system32\rsaenh.dll
0x00007ffc9ac90000 - 0x00007ffc9acbe000 	C:\WINDOWS\SYSTEM32\USERENV.dll
0x00007ffc9b140000 - 0x00007ffc9b1bf000 	C:\WINDOWS\System32\bcryptprimitives.dll
0x00007ffc9a7c0000 - 0x00007ffc9a7cc000 	C:\WINDOWS\SYSTEM32\CRYPTBASE.dll
0x00007ffc946e0000 - 0x00007ffc946f7000 	C:\WINDOWS\SYSTEM32\dhcpcsvc6.DLL
0x00007ffc94480000 - 0x00007ffc9449d000 	C:\WINDOWS\SYSTEM32\dhcpcsvc.DLL
0x00007ffc984d0000 - 0x00007ffc986b4000 	C:\WINDOWS\SYSTEM32\dbghelp.dll

VM Arguments:
jvm_args: -agentlib:jdwp=transport=dt_socket,suspend=y,address=localhost:52646 -ea -javaagent:C:\Users\JARVIS\eclipse\jee-2019-12\eclipse\configuration\org.eclipse.osgi\411\0\.cp\lib\javaagent-shaded.jar -Dfile.encoding=UTF-8 
java_command: org.eclipse.jdt.internal.junit.runner.RemoteTestRunner -version 3 -port 52645 -testLoaderClass org.eclipse.jdt.internal.junit5.runner.JUnit5TestLoader -loaderpluginname org.eclipse.jdt.junit5.runtime -test com.ajithsolomon.ajiranet.service.impl.ResourceServiceImplTest:createDevicesTest
java_class_path (initial): D:\Java Workspace iEvolve\ajiranet\target\test-classes;D:\Java Workspace iEvolve\ajiranet\target\classes;C:\Users\JARVIS\.p2\pool\plugins\org.junit_4.12.0.v201504281640\junit.jar;C:\Users\JARVIS\.p2\pool\plugins\org.hamcrest.core_1.3.0.v20180420-1519.jar;C:\Users\JARVIS\.m2\repository\org\springframework\boot\spring-boot-starter-web\2.3.4.RELEASE\spring-boot-starter-web-2.3.4.RELEASE.jar;C:\Users\JARVIS\.m2\repository\org\springframework\boot\spring-boot-starter\2.3.4.RELEASE\spring-boot-starter-2.3.4.RELEASE.jar;C:\Users\JARVIS\.m2\repository\org\springframework\boot\spring-boot-starter-logging\2.3.4.RELEASE\spring-boot-starter-logging-2.3.4.RELEASE.jar;C:\Users\JARVIS\.m2\repository\ch\qos\logback\logback-classic\1.2.3\logback-classic-1.2.3.jar;C:\Users\JARVIS\.m2\repository\ch\qos\logback\logback-core\1.2.3\logback-core-1.2.3.jar;C:\Users\JARVIS\.m2\repository\org\apache\logging\log4j\log4j-to-slf4j\2.13.3\log4j-to-slf4j-2.13.3.jar;C:\Users\JARVIS\.m2\repository\org\apache\logging\log4j\log4j-api\2.13.3\log4j-api-2.13.3.jar;C:\Users\JARVIS\.m2\repository\org\slf4j\jul-to-slf4j\1.7.30\jul-to-slf4j-1.7.30.jar;C:\Users\JARVIS\.m2\repository\jakarta\annotation\jakarta.annotation-api\1.3.5\jakarta.annotation-api-1.3.5.jar;C:\Users\JARVIS\.m2\repository\org\yaml\snakeyaml\1.26\snakeyaml-1.26.jar;C:\Users\JARVIS\.m2\repository\org\springframework\boot\spring-boot-starter-json\2.3.4.RELEASE\spring-boot-starter-json-2.3.4.RELEASE.jar;C:\Users\JARVIS\.m2\repository\com\fasterxml\jackson\core\jackson-databind\2.11.2\jackson-databind-2.11.2.jar;C:\Users\JARVIS\.m2\repository\com\fasterxml\jackson\core\jackson-annotations\2.11.2\jackson-annotations-2.11.2.jar;C:\Users\JARVIS\.m2\repository\com\fasterxml\jackson\core\jackson-core\2.11.2\jackson-core-2.11.2.jar;C:\Users\JARVIS\.m2\repository\com\fasterxml\jackson\datatype\jackson-datatype-jdk8\2.11.2\jackson-datatype-jdk8-2.11.2.jar;C:\Users\JARVIS\.m2\repository\com\fasterxml\jackson\datatype\jacks
Launcher Type: SUN_STANDARD

Environment Variables:
JAVA_HOME=C:\Program Files\Java\jdk1.8.0_241\bin
PATH=C:\Program Files\Java\jdk1.8.0_241\jre\bin;C:/Program Files/Java/jre1.8.0_241/bin/server;C:/Program Files/Java/jre1.8.0_241/bin;C:/Program Files/Java/jre1.8.0_241/lib/amd64;C:\Program Files (x86)\Common Files\Oracle\Java\javapath;C:\windows\system32;C:\windows;C:\windows\System32\Wbem;C:\windows\System32\WindowsPowerShell\v1.0\;C:\windows\System32\OpenSSH\;C:\Program Files (x86)\NVIDIA Corporation\PhysX\Common;C:\Program Files\NVIDIA Corporation\NVIDIA NvDLISR;C:\Program Files (x86)\Microsoft SQL Server\150\DTS\Binn\;C:\Program Files\nodejs\;C:\Program Files\Java\jdk1.8.0_241;C:\Program Files\Git\cmd;C:\WINDOWS\system32;C:\WINDOWS;C:\WINDOWS\System32\Wbem;C:\WINDOWS\System32\WindowsPowerShell\v1.0\;C:\WINDOWS\System32\OpenSSH\;C:\Program Files\nodejs;C:\Users\JARVIS\AppData\Roaming\npm;C:\Users\JARVIS\AppData\Roaming\npm;C:\Users\JARVIS\AppData\Local\Microsoft\WindowsApps;C:\Users\JARVIS\AppData\Local\GitHubDesktop\bin;C:\Users\JARVIS\AppData\Local\Programs\Microsoft VS Code\bin;C:\Users\JARVIS\AppData\Roaming\npm\node_modules\angular-cli\bin;C:\Program Files\Java\jdk1.8.0_241\bin;C:\Program Files\JetBrains\IntelliJ IDEA 2019.3.4\bin;;C:\Program Files\JetBrains\IntelliJ IDEA 2019.3.4\bin;;C:\Users\JARVIS\AppData\Local\Microsoft\WindowsApps;C:\WINDOWS\System32;
USERNAME=JARVIS
OS=Windows_NT
PROCESSOR_IDENTIFIER=Intel64 Family 6 Model 158 Stepping 10, GenuineIntel



---------------  S Y S T E M  ---------------

OS: Windows 10.0 , 64 bit Build 19041 (10.0.19041.546)

CPU:total 8 (initial active 8) (4 cores per cpu, 2 threads per core) family 6 model 158 stepping 10, cmov, cx8, fxsr, mmx, sse, sse2, sse3, ssse3, sse4.1, sse4.2, popcnt, avx, avx2, aes, clmul, erms, 3dnowpref, lzcnt, ht, tsc, tscinvbit, bmi1, bmi2, adx

Memory: 4k page, physical 8192024k(849740k free), swap 16787108k(2586280k free)

vm_info: Java HotSpot(TM) 64-Bit Server VM (25.241-b07) for windows-amd64 JRE (1.8.0_241-b07), built on Dec 11 2019 10:21:40 by "rejava" with MS VC++ 10.0 (VS2010)

time: Tue Oct 27 00:38:17 2020
timezone: India Standard Time
elapsed time: 228 seconds (0d 0h 3m 48s)

